0 info it worked if it ends with ok
1 verbose cli [ '/usr/local/Cellar/node/5.10.0/bin/node',
1 verbose cli   '/usr/local/bin/npm',
1 verbose cli   'run',
1 verbose cli   'gulp' ]
2 info using npm@3.8.3
3 info using node@v5.10.0
4 verbose run-script [ 'pregulp', 'gulp', 'postgulp' ]
5 info lifecycle overlay-nav@1.0.0~pregulp: overlay-nav@1.0.0
6 silly lifecycle overlay-nav@1.0.0~pregulp: no script for pregulp, continuing
7 info lifecycle overlay-nav@1.0.0~gulp: overlay-nav@1.0.0
8 verbose lifecycle overlay-nav@1.0.0~gulp: unsafe-perm in lifecycle true
9 verbose lifecycle overlay-nav@1.0.0~gulp: PATH: /usr/local/lib/node_modules/npm/bin/node-gyp-bin:/Users/rguss/Projects/Annie Cannons Lessons/Lesson_1/1_Overlay_Navigation/node_modules/.bin:/usr/local/Cellar/node/5.10.0/bin:/Users/rguss/.rvm/gems/ruby-2.3.0/bin:/Users/rguss/.rvm/gems/ruby-2.3.0@global/bin:/Users/rguss/.rvm/rubies/ruby-2.3.0/bin:/usr/local/sbin:/Users/rguss/.composer/vendor/bin:/usr/local/bin:/usr/bin:/bin:/usr/sbin:/sbin:/Users/rguss/.rvm/bin:/user/bin
10 verbose lifecycle overlay-nav@1.0.0~gulp: CWD: /Users/rguss/Projects/Annie Cannons Lessons/Lesson_1/1_Overlay_Navigation
11 silly lifecycle overlay-nav@1.0.0~gulp: Args: [ '-c', 'gulp' ]
12 silly lifecycle overlay-nav@1.0.0~gulp: Returned: code: 1  signal: null
13 info lifecycle overlay-nav@1.0.0~gulp: Failed to exec gulp script
14 verbose stack Error: overlay-nav@1.0.0 gulp: `gulp`
14 verbose stack Exit status 1
14 verbose stack     at EventEmitter.<anonymous> (/usr/local/lib/node_modules/npm/lib/utils/lifecycle.js:239:16)
14 verbose stack     at emitTwo (events.js:100:13)
14 verbose stack     at EventEmitter.emit (events.js:185:7)
14 verbose stack     at ChildProcess.<anonymous> (/usr/local/lib/node_modules/npm/lib/utils/spawn.js:24:14)
14 verbose stack     at emitTwo (events.js:100:13)
14 verbose stack     at ChildProcess.emit (events.js:185:7)
14 verbose stack     at maybeClose (internal/child_process.js:850:16)
14 verbose stack     at Process.ChildProcess._handle.onexit (internal/child_process.js:215:5)
15 verbose pkgid overlay-nav@1.0.0
16 verbose cwd /Users/rguss/Projects/Annie Cannons Lessons/Lesson_1/1_Overlay_Navigation
17 error Darwin 14.5.0
18 error argv "/usr/local/Cellar/node/5.10.0/bin/node" "/usr/local/bin/npm" "run" "gulp"
19 error node v5.10.0
20 error npm  v3.8.3
21 error code ELIFECYCLE
22 error overlay-nav@1.0.0 gulp: `gulp`
22 error Exit status 1
23 error Failed at the overlay-nav@1.0.0 gulp script 'gulp'.
23 error Make sure you have the latest version of node.js and npm installed.
23 error If you do, this is most likely a problem with the overlay-nav package,
23 error not with npm itself.
23 error Tell the author that this fails on your system:
23 error     gulp
23 error You can get information on how to open an issue for this project with:
23 error     npm bugs overlay-nav
23 error Or if that isn't available, you can get their info via:
23 error     npm owner ls overlay-nav
23 error There is likely additional logging output above.
24 verbose exit [ 1, true ]
